6828 decimal is 15254 octal!

e820 MEMORY MAP
size: 20, address: 0x0000000000000000, length: 0x000000000009f000, type: 1
size: 20, address: 0x000000000009f000, length: 0x0000000000001000, type: 2
size: 20, address: 0x00000000000e8000, length: 0x0000000000018000, type: 2
size: 20, address: 0x0000000000100000, length: 0x0000000007ef0000, type: 1
size: 20, address: 0x0000000007ff0000, length: 0x0000000000010000, type: 3
size: 20, address: 0x00000000fffc0000, length: 0x0000000000040000, type: 2

Physical memory: 128M available, base = 636K, extended = 130048K, npages = 32768
Pages limited to 3276800 by upage address range (12800MB), Pages limited to 134201344 by remapped phys mem (524224MB)
Found boot cpu..
type: 0 apicid:0 version:17 signature:80040fa4d0 feature:1fcbfbff flags:3 reserved:80040fa4d8
type: 0 apicid:0 version:0 signature:80040fa56c feature:5f504d5f flags:0 reserved:80040fa574
Found unusable CPU. Not intiializing it..
SMP: CPU 0 found 1 CPU(s)
enabled interrupts: 1 2 4
PCI: 00:00.0: 8086:1237: class: 8000000800000006.8000000800000000 (Bridge device) irq: 549755813888
PCI: 00:01.0: 8086:7000: class: 8000080800000006.8000080800000001 (Bridge device) irq: 549755813888
PCI: 00:01.1: 8086:7010: class: 8000090800000001.8000090800000001 (Storage controller) irq: 549755813888
PCI: 00:01.3: 8086:7113: class: 80000b0800000006.80000b0800000080 (Bridge device) irq: 549755813897
ept is supported 
VCPUNUM allocated: 0
FS is running
FS can do I/O
Device 1 presence: 1
block cache is good
superblock is good
bitmap is good
Creating a new virtual HDD at /vmm/fs1.img
Create VHD finished
VMXON
e820 map hypercall done
6828 decimal is 15254 octal!
VMX extension hidden from guest.

e820 MEMORY MAP
size: 20, address: 0x0000000000000000, length: 0x00000000000a0000, type: 1
size: 20, address: 0x00000000000a0000, length: 0x0000000000060000, type: 2
size: 20, address: 0x0000000000100000, length: 0x0000000000f00000, type: 1

Physical memory: 16M available, base = 640K, extended = 15360K, npages = 4096
Pages limited to 3276800 by upage address range (12800MB), Pages limited to 134201344 by remapped phys mem (524224MB)
enabled interrupts: 1 2 4
PCI: 00:00.0: 8086:1237: class: 8000000800000006.8000000800000000 (Bridge device) irq: 549755813888
PCI: 00:01.0: 8086:7000: class: 8000080800000006.8000080800000001 (Bridge device) irq: 549755813888
PCI: 00:01.1: 8086:7010: class: 8000090800000001.8000090800000001 (Storage controller) irq: 549755813888
PCI: 00:01.3: 8086:7113: class: 80000b0800000006.80000b0800000080 (Bridge device) irq: 549755813897
hello, world
i am environment 00001000
No runnable environments in the system!
Welcome to the JOS kernel monitor!
Type 'help' for a list of commands.
K> 