00000000000i[      ] Bochs x86 Emulator 2.6.7
00000000000i[      ]   Built from SVN snapshot on November 2, 2014
00000000000i[      ] Compiled on Apr 28 2016 at 21:41:21
00000000000i[      ] System configuration
00000000000i[      ]   processors: 1 (cores=1, HT threads=1)
00000000000i[      ]   A20 line support: yes
00000000000i[      ] IPS is set to 4000000
00000000000i[      ] CPU configuration
00000000000i[      ]   SMP support: no
00000000000i[      ]   level: 6
00000000000i[      ]   APIC support: xapic
00000000000i[      ]   FPU support: yes
00000000000i[      ]   MMX support: yes
00000000000i[      ]   3dnow! support: no
00000000000i[      ]   SEP support: yes
00000000000i[      ]   SIMD support: sse2
00000000000i[      ]   XSAVE support: no 
00000000000i[      ]   AES support: no
00000000000i[      ]   SHA support: no
00000000000i[      ]   MOVBE support: no
00000000000i[      ]   ADX support: no
00000000000i[      ]   x86-64 support: yes
00000000000i[      ]   1G paging support: no
00000000000i[      ]   MWAIT support: yes
00000000000i[      ]   VMX support: 2
00000000000i[      ] Optimization configuration
00000000000i[      ]   RepeatSpeedups support: no
00000000000i[      ]   Fast function calls: no
00000000000i[      ]   Handlers Chaining speedups: no
00000000000i[      ] Devices configuration
00000000000i[      ]   NE2000 support: no
00000000000i[      ]   PCI support: yes, enabled=yes
00000000000i[      ]   SB16 support: no
00000000000i[      ]   USB support: no
00000000000i[      ]   VGA extension support: vbe
00000000000i[MEM0  ] allocated memory at 0x2b2247bef010. after alignment, vector=0x2b2247bf0000
00000000000i[MEM0  ] 128.00MB
00000000000i[MEM0  ] mem block size = 0x00100000, blocks=128
00000000000i[MEM0  ] rom at 0xfffe0000/131072 ('/usr/share/bochs/BIOS-bochs-latest')
00000000000i[PLUGIN] init_dev of 'pci' plugin device by virtual method
00000000000i[DEV   ] i440FX PMC present at device 0, function 0
00000000000i[PLUGIN] init_dev of 'pci2isa' plugin device by virtual method
00000000000i[DEV   ] PIIX3 PCI-to-ISA bridge present at device 1, function 0
00000000000i[PLUGIN] init_dev of 'cmos' plugin device by virtual method
00000000000i[CMOS  ] Using local time for initial clock
00000000000i[CMOS  ] Setting initial clock to: Tue Jun 14 13:42:33 2016 (time0=1465926153)
00000000000i[PLUGIN] init_dev of 'dma' plugin device by virtual method
00000000000i[DMA   ] channel 4 used by cascade
00000000000i[PLUGIN] init_dev of 'pic' plugin device by virtual method
00000000000i[PLUGIN] init_dev of 'pit' plugin device by virtual method
00000000000i[PLUGIN] init_dev of 'vga' plugin device by virtual method
00000000000i[MEM0  ] Register memory access handlers: 0x0000000a0000 - 0x0000000bffff
00000000000i[VGA   ] interval=200000
00000000000i[MEM0  ] Register memory access handlers: 0x0000e0000000 - 0x0000e0ffffff
00000000000i[BXVGA ] VBE Bochs Display Extension Enabled
00000000000i[MEM0  ] rom at 0xc0000/41472 ('/usr/share/bochs/VGABIOS-lgpl-latest')
00000000000i[PLUGIN] init_dev of 'floppy' plugin device by virtual method
00000000000i[DMA   ] channel 2 used by Floppy Drive
00000000000i[PLUGIN] init_dev of 'acpi' plugin device by virtual method
00000000000i[DEV   ] ACPI Controller present at device 1, function 3
00000000000i[PLUGIN] init_dev of 'ioapic' plugin device by virtual method
00000000000i[IOAPIC] initializing I/O APIC
00000000000i[MEM0  ] Register memory access handlers: 0x0000fec00000 - 0x0000fec00fff
00000000000i[IOAPIC] IOAPIC enabled (base address = 0xfec00000)
00000000000i[PLUGIN] init_dev of 'keyboard' plugin device by virtual method
00000000000i[KBD   ] will paste characters every 400 keyboard ticks
00000000000i[PLUGIN] init_dev of 'harddrv' plugin device by virtual method
00000000000i[HD    ] HD on ata0-0: '/home/student/cse506/lab6-handin/obj/kern/kernel.img', 'flat' mode
00000000000i[IMG   ] hd_size: 10240000
00000000000i[HD    ] ata0-0: using specified geometry: CHS=1/1/32
00000000000i[HD    ] ata0-0: extra data outside of CHS address range
00000000000i[HD    ] HD on ata0-1: '/home/student/cse506/lab6-handin/obj/fs/fs.img', 'flat' mode
00000000000i[IMG   ] hd_size: 16777216
00000000000i[HD    ] ata0-1: using specified geometry: CHS=1/1/32
00000000000i[HD    ] ata0-1: extra data outside of CHS address range
00000000000i[HD    ] translation on ata0-0 set to 'none'
00000000000i[HD    ] translation on ata0-1 set to 'none'
00000000000i[HD    ] Using boot sequence floppy, disk, none
00000000000i[HD    ] Floppy boot signature check is enabled
00000000000i[PLUGIN] init_dev of 'pci_ide' plugin device by virtual method
00000000000i[DEV   ] PIIX3 PCI IDE controller present at device 1, function 1
00000000000i[PLUGIN] init_dev of 'unmapped' plugin device by virtual method
00000000000i[PLUGIN] init_dev of 'biosdev' plugin device by virtual method
00000000000i[PLUGIN] init_dev of 'speaker' plugin device by virtual method
00000000000e[PCSPK ] Failed to open /dev/console: Permission denied
00000000000e[PCSPK ] Deactivating beep on console
00000000000i[PLUGIN] init_dev of 'extfpuirq' plugin device by virtual method
00000000000i[PLUGIN] init_dev of 'parallel' plugin device by virtual method
00000000000i[PAR   ] parallel port 1 at 0x0378 irq 7
00000000000i[PLUGIN] init_dev of 'serial' plugin device by virtual method
00000000000i[SER   ] com1 at 0x03f8 irq 4 (mode: null)
00000000000i[PLUGIN] register state of 'pci' plugin device by virtual method
00000000000i[PLUGIN] register state of 'pci2isa' plugin device by virtual method
00000000000i[PLUGIN] register state of 'cmos' plugin device by virtual method
00000000000i[PLUGIN] register state of 'dma' plugin device by virtual method
00000000000i[PLUGIN] register state of 'pic' plugin device by virtual method
00000000000i[PLUGIN] register state of 'pit' plugin device by virtual method
00000000000i[PLUGIN] register state of 'vga' plugin device by virtual method
00000000000i[PLUGIN] register state of 'floppy' plugin device by virtual method
00000000000i[PLUGIN] register state of 'unmapped' plugin device by virtual method
00000000000i[PLUGIN] register state of 'biosdev' plugin device by virtual method
00000000000i[PLUGIN] register state of 'speaker' plugin device by virtual method
00000000000i[PLUGIN] register state of 'extfpuirq' plugin device by virtual method
00000000000i[PLUGIN] register state of 'parallel' plugin device by virtual method
00000000000i[PLUGIN] register state of 'serial' plugin device by virtual method
00000000000i[PLUGIN] register state of 'acpi' plugin device by virtual method
00000000000i[PLUGIN] register state of 'ioapic' plugin device by virtual method
00000000000i[PLUGIN] register state of 'keyboard' plugin device by virtual method
00000000000i[PLUGIN] register state of 'harddrv' plugin device by virtual method
00000000000i[PLUGIN] register state of 'pci_ide' plugin device by virtual method
00000000000i[SYS   ] bx_pc_system_c::Reset(HARDWARE) called
00000000000i[CPU0  ] cpu hardware reset
00000000000i[APIC0 ] allocate APIC id=0 (MMIO enabled) to 0x0000fee00000
00000000000i[CPU0  ] CPUID[0x00000000]: 00000005 68747541 444d4163 69746e65
00000000000i[CPU0  ] CPUID[0x00000001]: 00000633 00010800 00002028 1fcbfbff
00000000000i[CPU0  ] CPUID[0x00000002]: 00410601 00000000 00000000 00000000
00000000000i[CPU0  ] CPUID[0x00000003]: 00000000 00000000 00000000 00000000
00000000000i[CPU0  ] CPUID[0x00000004]: 00000000 00000000 00000000 00000000
00000000000i[CPU0  ] CPUID[0x00000005]: 00000040 00000040 00000003 00000020
00000000000i[PLUGIN] reset of 'pci' plugin device by virtual method
00000000000i[PLUGIN] reset of 'pci2isa' plugin device by virtual method
00000000000i[PLUGIN] reset of 'cmos' plugin device by virtual method
00000000000i[PLUGIN] reset of 'dma' plugin device by virtual method
00000000000i[PLUGIN] reset of 'pic' plugin device by virtual method
00000000000i[PLUGIN] reset of 'pit' plugin device by virtual method
00000000000i[PLUGIN] reset of 'vga' plugin device by virtual method
00000000000i[PLUGIN] reset of 'floppy' plugin device by virtual method
00000000000i[PLUGIN] reset of 'acpi' plugin device by virtual method
00000000000i[PLUGIN] reset of 'ioapic' plugin device by virtual method
00000000000i[PLUGIN] reset of 'keyboard' plugin device by virtual method
00000000000i[PLUGIN] reset of 'harddrv' plugin device by virtual method
00000000000i[PLUGIN] reset of 'pci_ide' plugin device by virtual method
00000000000i[PLUGIN] reset of 'unmapped' plugin device by virtual method
00000000000i[PLUGIN] reset of 'biosdev' plugin device by virtual method
00000000000i[PLUGIN] reset of 'speaker' plugin device by virtual method
00000000000i[PLUGIN] reset of 'extfpuirq' plugin device by virtual method
00000000000i[PLUGIN] reset of 'parallel' plugin device by virtual method
00000000000i[PLUGIN] reset of 'serial' plugin device by virtual method
00000004661i[BIOS  ] $Revision: 12412 $ $Date: 2014-07-10 09:28:59 +0200 (Do, 10. Jul 2014) $
00000318049i[KBD   ] reset-disable command received
00000320818i[BIOS  ] Starting rombios32
00000321256i[BIOS  ] Shutdown flag 0
00000321839i[BIOS  ] ram_size=0x08000000
00000322282i[BIOS  ] ram_end=128MB
00000362832i[BIOS  ] Found 1 cpu(s)
00000377036i[BIOS  ] bios_table_addr: 0x000fa498 end=0x000fcc00
00000704831i[PCI   ] i440FX PMC write to PAM register 59 (TLB Flush)
00001032760i[P2ISA ] PCI IRQ routing: PIRQA# set to 0x0b
00001032779i[P2ISA ] PCI IRQ routing: PIRQB# set to 0x09
00001032798i[P2ISA ] PCI IRQ routing: PIRQC# set to 0x0b
00001032817i[P2ISA ] PCI IRQ routing: PIRQD# set to 0x09
00001032827i[P2ISA ] write: ELCR2 = 0x0a
00001033597i[BIOS  ] PIIX3/PIIX4 init: elcr=00 0a
00001041278i[BIOS  ] PCI: bus=0 devfn=0x00: vendor_id=0x8086 device_id=0x1237 class=0x0600
00001043557i[BIOS  ] PCI: bus=0 devfn=0x08: vendor_id=0x8086 device_id=0x7000 class=0x0601
00001045675i[BIOS  ] PCI: bus=0 devfn=0x09: vendor_id=0x8086 device_id=0x7010 class=0x0101
00001045900i[PIDE  ] new BM-DMA address: 0xc000
00001046516i[BIOS  ] region 4: 0x0000c000
00001048550i[BIOS  ] PCI: bus=0 devfn=0x0b: vendor_id=0x8086 device_id=0x7113 class=0x0680
00001048782i[ACPI  ] new irq line = 11
00001048794i[ACPI  ] new irq line = 9
00001048819i[ACPI  ] new PM base address: 0xb000
00001048833i[ACPI  ] new SM base address: 0xb100
00001048861i[PCI   ] setting SMRAM control register to 0x4a
00001212954i[CPU0  ] Enter to System Management Mode
00001212954i[CPU0  ] enter_system_management_mode: temporary disable VMX while in SMM mode
00001212964i[CPU0  ] RSM: Resuming from System Management Mode
00001376985i[PCI   ] setting SMRAM control register to 0x0a
00001391851i[BIOS  ] MP table addr=0x000fa570 MPC table addr=0x000fa4a0 size=0xc8
00001393673i[BIOS  ] SMBIOS table addr=0x000fa580
00001395854i[BIOS  ] ACPI tables: RSDP addr=0x000fa6a0 ACPI DATA addr=0x07ff0000 size=0xf72
00001399065i[BIOS  ] Firmware waking vector 0x7ff00cc
00001400860i[PCI   ] i440FX PMC write to PAM register 59 (TLB Flush)
00001401583i[BIOS  ] bios_table_cur_addr: 0x000fa6c4
00001529200i[VBIOS ] VGABios $Id: vgabios.c,v 1.76 2013/02/10 08:07:03 vruppert Exp $
00001529271i[BXVGA ] VBE known Display Interface b0c0
00001529303i[BXVGA ] VBE known Display Interface b0c5
00001532228i[VBIOS ] VBE Bios $Id: vbe.c,v 1.65 2014/07/08 18:02:25 vruppert Exp $
00001876299i[BIOS  ] ata0-0: PCHS=1/1/32 translation=none LCHS=1/1/32
00001929844i[BIOS  ] ata0-1: PCHS=1/1/32 translation=none LCHS=1/1/32
00014161411i[BIOS  ] Booting from 0000:7c00
00028264989i[APIC0 ] set timer divide factor to 1
00042820178i[NOGUI ] ips = 42.820M
00046761381e[CPU0  ] VMEXIT: EPT violation for guest paddr 0x0000000b8000 laddr 0x00000080040b8000
00048941350e[CPU0  ] VMEXIT: EPT violation for guest paddr 0x0000003bd000 laddr 0x00000080043bd000
00048961379e[CPU0  ] VMEXIT: EPT violation for guest paddr 0x0000003be008 laddr 0x00000080043be008
00048988703e[CPU0  ] VMEXIT: EPT violation for guest paddr 0x0000003bf008 laddr 0x00000080043bf008
00049016043e[CPU0  ] VMEXIT: EPT violation for guest paddr 0x0000003c0008 laddr 0x00000080043c0008
00049043383e[CPU0  ] VMEXIT: EPT violation for guest paddr 0x0000003c1008 laddr 0x00000080043c1008
00049070723e[CPU0  ] VMEXIT: EPT violation for guest paddr 0x0000003c2008 laddr 0x00000080043c2008
00049098063e[CPU0  ] VMEXIT: EPT violation for guest paddr 0x0000003c3008 laddr 0x00000080043c3008
00049125403e[CPU0  ] VMEXIT: EPT violation for guest paddr 0x0000003c4008 laddr 0x00000080043c4008
00049152743e[CPU0  ] VMEXIT: EPT violation for guest paddr 0x0000003c5008 laddr 0x00000080043c5008
00049180083e[CPU0  ] VMEXIT: EPT violation for guest paddr 0x0000003c6008 laddr 0x00000080043c6008
00049207423e[CPU0  ] VMEXIT: EPT violation for guest paddr 0x0000003c7008 laddr 0x00000080043c7008
00049234763e[CPU0  ] VMEXIT: EPT violation for guest paddr 0x0000003c8008 laddr 0x00000080043c8008
00049262103e[CPU0  ] VMEXIT: EPT violation for guest paddr 0x0000003c9008 laddr 0x00000080043c9008
00049289443e[CPU0  ] VMEXIT: EPT violation for guest paddr 0x0000003ca008 laddr 0x00000080043ca008
00049316783e[CPU0  ] VMEXIT: EPT violation for guest paddr 0x0000003cb008 laddr 0x00000080043cb008
00049344123e[CPU0  ] VMEXIT: EPT violation for guest paddr 0x0000003cc008 laddr 0x00000080043cc008
00049371463e[CPU0  ] VMEXIT: EPT violation for guest paddr 0x0000003cd008 laddr 0x00000080043cd008
00049399107e[CPU0  ] VMEXIT: EPT violation for guest paddr 0x000000001000 laddr 0x0000008004001000
00049419249e[CPU0  ] VMEXIT: EPT violation for guest paddr 0x000000002000 laddr 0x0000008004002000
00049439392e[CPU0  ] VMEXIT: EPT violation for guest paddr 0x000000003000 laddr 0x0000008004003000
00049463191e[CPU0  ] VMEXIT: EPT violation for guest paddr 0x000000004000 laddr 0x0000008004004000
00049504027e[CPU0  ] VMEXIT: EPT violation for guest paddr 0x000000005000 laddr 0x0000008004005000
00049657967e[CPU0  ] VMEXIT: EPT violation for guest paddr 0x000000008000 laddr 0x0000008004008000
00049795807e[CPU0  ] VMEXIT: EPT violation for guest paddr 0x000000009000 laddr 0x0000008004009000
00049933647e[CPU0  ] VMEXIT: EPT violation for guest paddr 0x00000000a000 laddr 0x000000800400a000
00050071487e[CPU0  ] VMEXIT: EPT violation for guest paddr 0x00000000b000 laddr 0x000000800400b000
00050209327e[CPU0  ] VMEXIT: EPT violation for guest paddr 0x00000000c000 laddr 0x000000800400c000
00050347167e[CPU0  ] VMEXIT: EPT violation for guest paddr 0x00000000d000 laddr 0x000000800400d000
00050485007e[CPU0  ] VMEXIT: EPT violation for guest paddr 0x00000000e000 laddr 0x000000800400e000
00050622654e[CPU0  ] VMEXIT: EPT violation for guest paddr 0x0000003ce000 laddr 0x00000080043ce000
00050642570e[CPU0  ] VMEXIT: EPT violation for guest paddr 0x0000003cf000 laddr 0x00000080043cf000
00050662486e[CPU0  ] VMEXIT: EPT violation for guest paddr 0x0000003d0000 laddr 0x00000080043d0000
00050682402e[CPU0  ] VMEXIT: EPT violation for guest paddr 0x0000003d1000 laddr 0x00000080043d1000
00050702318e[CPU0  ] VMEXIT: EPT violation for guest paddr 0x0000003d2000 laddr 0x00000080043d2000
00050722234e[CPU0  ] VMEXIT: EPT violation for guest paddr 0x0000003d3000 laddr 0x00000080043d3000
00050742150e[CPU0  ] VMEXIT: EPT violation for guest paddr 0x0000003d4000 laddr 0x00000080043d4000
00050762066e[CPU0  ] VMEXIT: EPT violation for guest paddr 0x0000003d5000 laddr 0x00000080043d5000
00050781982e[CPU0  ] VMEXIT: EPT violation for guest paddr 0x0000003d6000 laddr 0x00000080043d6000
00050801898e[CPU0  ] VMEXIT: EPT violation for guest paddr 0x0000003d7000 laddr 0x00000080043d7000
00050821814e[CPU0  ] VMEXIT: EPT violation for guest paddr 0x0000003d8000 laddr 0x00000080043d8000
00050841730e[CPU0  ] VMEXIT: EPT violation for guest paddr 0x0000003d9000 laddr 0x00000080043d9000
00050861646e[CPU0  ] VMEXIT: EPT violation for guest paddr 0x0000003da000 laddr 0x00000080043da000
00050881562e[CPU0  ] VMEXIT: EPT violation for guest paddr 0x0000003db000 laddr 0x00000080043db000
00050901478e[CPU0  ] VMEXIT: EPT violation for guest paddr 0x0000003dc000 laddr 0x00000080043dc000
00050921394e[CPU0  ] VMEXIT: EPT violation for guest paddr 0x0000003dd000 laddr 0x00000080043dd000
00050941310e[CPU0  ] VMEXIT: EPT violation for guest paddr 0x0000003de000 laddr 0x00000080043de000
00050961226e[CPU0  ] VMEXIT: EPT violation for guest paddr 0x0000003df000 laddr 0x00000080043df000
00050981142e[CPU0  ] VMEXIT: EPT violation for guest paddr 0x0000003e0000 laddr 0x00000080043e0000
00051001058e[CPU0  ] VMEXIT: EPT violation for guest paddr 0x0000003e1000 laddr 0x00000080043e1000
00051020974e[CPU0  ] VMEXIT: EPT violation for guest paddr 0x0000003e2000 laddr 0x00000080043e2000
00051040890e[CPU0  ] VMEXIT: EPT violation for guest paddr 0x0000003e3000 laddr 0x00000080043e3000
00051060806e[CPU0  ] VMEXIT: EPT violation for guest paddr 0x0000003e4000 laddr 0x00000080043e4000
00051080722e[CPU0  ] VMEXIT: EPT violation for guest paddr 0x0000003e5000 laddr 0x00000080043e5000
00051100638e[CPU0  ] VMEXIT: EPT violation for guest paddr 0x0000003e6000 laddr 0x00000080043e6000
00051120554e[CPU0  ] VMEXIT: EPT violation for guest paddr 0x0000003e7000 laddr 0x00000080043e7000
00051140470e[CPU0  ] VMEXIT: EPT violation for guest paddr 0x0000003e8000 laddr 0x00000080043e8000
00051160386e[CPU0  ] VMEXIT: EPT violation for guest paddr 0x0000003e9000 laddr 0x00000080043e9000
00051180302e[CPU0  ] VMEXIT: EPT violation for guest paddr 0x0000003ea000 laddr 0x00000080043ea000
00051200218e[CPU0  ] VMEXIT: EPT violation for guest paddr 0x0000003eb000 laddr 0x00000080043eb000
00051220134e[CPU0  ] VMEXIT: EPT violation for guest paddr 0x0000003ec000 laddr 0x00000080043ec000
00051240050e[CPU0  ] VMEXIT: EPT violation for guest paddr 0x0000003ed000 laddr 0x00000080043ed000
00051259966e[CPU0  ] VMEXIT: EPT violation for guest paddr 0x0000003ee000 laddr 0x00000080043ee000
00051279882e[CPU0  ] VMEXIT: EPT violation for guest paddr 0x0000003ef000 laddr 0x00000080043ef000
00051299798e[CPU0  ] VMEXIT: EPT violation for guest paddr 0x0000003f0000 laddr 0x00000080043f0000
00051319714e[CPU0  ] VMEXIT: EPT violation for guest paddr 0x0000003f1000 laddr 0x00000080043f1000
00051339630e[CPU0  ] VMEXIT: EPT violation for guest paddr 0x0000003f2000 laddr 0x00000080043f2000
00051359546e[CPU0  ] VMEXIT: EPT violation for guest paddr 0x0000003f3000 laddr 0x00000080043f3000
00051379462e[CPU0  ] VMEXIT: EPT violation for guest paddr 0x0000003f4000 laddr 0x00000080043f4000
00051399378e[CPU0  ] VMEXIT: EPT violation for guest paddr 0x0000003f5000 laddr 0x00000080043f5000
00051419294e[CPU0  ] VMEXIT: EPT violation for guest paddr 0x0000003f6000 laddr 0x00000080043f6000
00051439210e[CPU0  ] VMEXIT: EPT violation for guest paddr 0x0000003f7000 laddr 0x00000080043f7000
00051459126e[CPU0  ] VMEXIT: EPT violation for guest paddr 0x0000003f8000 laddr 0x00000080043f8000
00051479042e[CPU0  ] VMEXIT: EPT violation for guest paddr 0x0000003f9000 laddr 0x00000080043f9000
00051498958e[CPU0  ] VMEXIT: EPT violation for guest paddr 0x0000003fa000 laddr 0x00000080043fa000
00051518874e[CPU0  ] VMEXIT: EPT violation for guest paddr 0x0000003fb000 laddr 0x00000080043fb000
00051538790e[CPU0  ] VMEXIT: EPT violation for guest paddr 0x0000003fc000 laddr 0x00000080043fc000
00051558706e[CPU0  ] VMEXIT: EPT violation for guest paddr 0x0000003fd000 laddr 0x00000080043fd000
00051578622e[CPU0  ] VMEXIT: EPT violation for guest paddr 0x0000003fe000 laddr 0x00000080043fe000
00051598538e[CPU0  ] VMEXIT: EPT violation for guest paddr 0x0000003ff000 laddr 0x00000080043ff000
00051618454e[CPU0  ] VMEXIT: EPT violation for guest paddr 0x000000400000 laddr 0x0000008004400000
00051639564e[CPU0  ] VMEXIT: EPT violation for guest paddr 0x000000401000 laddr 0x0000008004401000
00051659480e[CPU0  ] VMEXIT: EPT violation for guest paddr 0x000000402000 laddr 0x0000008004402000
00051679396e[CPU0  ] VMEXIT: EPT violation for guest paddr 0x000000403000 laddr 0x0000008004403000
00051699312e[CPU0  ] VMEXIT: EPT violation for guest paddr 0x000000404000 laddr 0x0000008004404000
00051719228e[CPU0  ] VMEXIT: EPT violation for guest paddr 0x000000405000 laddr 0x0000008004405000
00051739144e[CPU0  ] VMEXIT: EPT violation for guest paddr 0x000000406000 laddr 0x0000008004406000
00051759060e[CPU0  ] VMEXIT: EPT violation for guest paddr 0x000000407000 laddr 0x0000008004407000
00051778976e[CPU0  ] VMEXIT: EPT violation for guest paddr 0x000000408000 laddr 0x0000008004408000
00051798892e[CPU0  ] VMEXIT: EPT violation for guest paddr 0x000000409000 laddr 0x0000008004409000
00051818808e[CPU0  ] VMEXIT: EPT violation for guest paddr 0x00000040a000 laddr 0x000000800440a000
00051838724e[CPU0  ] VMEXIT: EPT violation for guest paddr 0x00000040b000 laddr 0x000000800440b000
00051858640e[CPU0  ] VMEXIT: EPT violation for guest paddr 0x00000040c000 laddr 0x000000800440c000
00051878556e[CPU0  ] VMEXIT: EPT violation for guest paddr 0x00000040d000 laddr 0x000000800440d000
00051898472e[CPU0  ] VMEXIT: EPT violation for guest paddr 0x00000040e000 laddr 0x000000800440e000
00051918388e[CPU0  ] VMEXIT: EPT violation for guest paddr 0x00000040f000 laddr 0x000000800440f000
00051938304e[CPU0  ] VMEXIT: EPT violation for guest paddr 0x000000410000 laddr 0x0000008004410000
00051958220e[CPU0  ] VMEXIT: EPT violation for guest paddr 0x000000411000 laddr 0x0000008004411000
00051978136e[CPU0  ] VMEXIT: EPT violation for guest paddr 0x000000412000 laddr 0x0000008004412000
00051998052e[CPU0  ] VMEXIT: EPT violation for guest paddr 0x000000413000 laddr 0x0000008004413000
00052017968e[CPU0  ] VMEXIT: EPT violation for guest paddr 0x000000414000 laddr 0x0000008004414000
00052037884e[CPU0  ] VMEXIT: EPT violation for guest paddr 0x000000415000 laddr 0x0000008004415000
00052057800e[CPU0  ] VMEXIT: EPT violation for guest paddr 0x000000416000 laddr 0x0000008004416000
00052077716e[CPU0  ] VMEXIT: EPT violation for guest paddr 0x000000417000 laddr 0x0000008004417000
00052097632e[CPU0  ] VMEXIT: EPT violation for guest paddr 0x000000418000 laddr 0x0000008004418000
00052117548e[CPU0  ] VMEXIT: EPT violation for guest paddr 0x000000419000 laddr 0x0000008004419000
00052137464e[CPU0  ] VMEXIT: EPT violation for guest paddr 0x00000041a000 laddr 0x000000800441a000
00052157380e[CPU0  ] VMEXIT: EPT violation for guest paddr 0x00000041b000 laddr 0x000000800441b000
00052177296e[CPU0  ] VMEXIT: EPT violation for guest paddr 0x00000041c000 laddr 0x000000800441c000
00052197212e[CPU0  ] VMEXIT: EPT violation for guest paddr 0x00000041d000 laddr 0x000000800441d000
00052217128e[CPU0  ] VMEXIT: EPT violation for guest paddr 0x00000041e000 laddr 0x000000800441e000
00052237044e[CPU0  ] VMEXIT: EPT violation for guest paddr 0x00000041f000 laddr 0x000000800441f000
00052256960e[CPU0  ] VMEXIT: EPT violation for guest paddr 0x000000420000 laddr 0x0000008004420000
00052276876e[CPU0  ] VMEXIT: EPT violation for guest paddr 0x000000421000 laddr 0x0000008004421000
00052296792e[CPU0  ] VMEXIT: EPT violation for guest paddr 0x000000422000 laddr 0x0000008004422000
00052316708e[CPU0  ] VMEXIT: EPT violation for guest paddr 0x000000423000 laddr 0x0000008004423000
00052336624e[CPU0  ] VMEXIT: EPT violation for guest paddr 0x000000424000 laddr 0x0000008004424000
00052356540e[CPU0  ] VMEXIT: EPT violation for guest paddr 0x000000425000 laddr 0x0000008004425000
00052376456e[CPU0  ] VMEXIT: EPT violation for guest paddr 0x000000426000 laddr 0x0000008004426000
00052396372e[CPU0  ] VMEXIT: EPT violation for guest paddr 0x000000427000 laddr 0x0000008004427000
00054230079e[CPU0  ] VMEXIT: EPT violation for guest paddr 0x00000000f000 laddr 0x000000800400f000
00054250471e[CPU0  ] VMEXIT: EPT violation for guest paddr 0x000000010000 laddr 0x0000008004010000
00054270567e[CPU0  ] VMEXIT: EPT violation for guest paddr 0x000000011000 laddr 0x0000008004011000
00054290709e[CPU0  ] VMEXIT: EPT violation for guest paddr 0x000000012000 laddr 0x0000008004012000
00054310852e[CPU0  ] VMEXIT: EPT violation for guest paddr 0x000000013000 laddr 0x0000008004013000
00054331038e[CPU0  ] VMEXIT: EPT violation for guest paddr 0x000000014000 laddr 0x0000008004014000
00054351365e[CPU0  ] VMEXIT: EPT violation for guest paddr 0x000000015000 laddr 0x0000008004015000
00054371692e[CPU0  ] VMEXIT: EPT violation for guest paddr 0x000000016000 laddr 0x0000008004016000
00054392019e[CPU0  ] VMEXIT: EPT violation for guest paddr 0x000000017000 laddr 0x0000008004017000
00054417418e[CPU0  ] VMEXIT: EPT violation for guest paddr 0x000000018000 laddr 0x0000008004018000
00054437745e[CPU0  ] VMEXIT: EPT violation for guest paddr 0x000000019000 laddr 0x0000008004019000
00054458072e[CPU0  ] VMEXIT: EPT violation for guest paddr 0x00000001a000 laddr 0x000000800401a000
00054478399e[CPU0  ] VMEXIT: EPT violation for guest paddr 0x00000001b000 laddr 0x000000800401b000
00054501970e[CPU0  ] VMEXIT: EPT violation for guest paddr 0x00000001c000 laddr 0x000000800401c000
00054522128e[CPU0  ] VMEXIT: EPT violation for guest paddr 0x00000001d000 laddr 0x000000800401d000
00054542271e[CPU0  ] VMEXIT: EPT violation for guest paddr 0x00000001e000 laddr 0x000000800401e000
00054562457e[CPU0  ] VMEXIT: EPT violation for guest paddr 0x00000001f000 laddr 0x000000800401f000
00084660523i[NOGUI ] ips = 41.840M
00128918045i[NOGUI ] ips = 44.258M
00173259202i[NOGUI ] ips = 44.341M
00217511314i[NOGUI ] ips = 44.252M
00261842827i[NOGUI ] ips = 44.332M
00306120441i[NOGUI ] ips = 44.278M
00348189580i[NOGUI ] ips = 42.069M
00392438701i[NOGUI ] ips = 44.249M
